<?xml version="1.0" encoding="UTF-8"?>
<testsuite name="compass.ProjectRestControllerTest" time="3.703" tests="2" errors="2" skipped="0" failures="0">
  <properties>
[...]
</properties>
  <testcase name="compass.ProjectRestControllerTest" classname="compass.ProjectRestControllerTest" time="1.851">
    <error message="java.io.IOException: Could not create Tempfile: /var/folders/tc/h8l87nws57x238zkjf2nftk19k12d0/T/extract-braje2-mongod" type="de.flapdoodle.embed.process.exceptions.DistributionException">de.flapdoodle.embed.process.exceptions.DistributionException: java.io.IOException: Could not create Tempfile: /var/folders/tc/h8l87nws57x238zkjf2nftk19k12d0/T/extract-braje2-mongod
	at de.flapdoodle.embed.process.io.file.Files.createTempFile(Files.java:60)
	at de.flapdoodle.embed.process.runtime.Starter.extractExe(Starter.java:89)
	at de.flapdoodle.embed.mongo.MongodStarter.extractExe(MongodStarter.java:61)
	at de.flapdoodle.embed.process.runtime.Starter.prepare(Starter.java:70)
	at compass.ProjectRestControllerTest.initializeDB(ProjectRestControllerTest.java:80)
</error>
    <system-out><![CDATA[19:32:17.610 [main] DEBUG o.s.t.c.j.SpringJUnit4ClassRunner - SpringJUnit4ClassRunner constructor called with [class compass.ProjectRestControllerTest].
19:32:17.667 [main] DEBUG o.s.test.context.BootstrapUtils - Instantiating TestContextBootstrapper from class [org.springframework.test.context.web.WebTestContextBootstrapper]
19:32:17.792 [main] DEBUG o.s.t.c.w.WebTestContextBootstrapper - Found explicit ContextLoader class [org.springframework.boot.test.SpringApplicationContextLoader] for context configuration attributes [ContextConfigurationAttributes@7e7d611f declaringClass = 'compass.ProjectRestControllerTest', classes = '{class com.compass.microservices.Application}', locations = '{}', inheritLocations = true, initializers = '{}', inheritInitializers = true, name = [null], contextLoaderClass = 'org.springframework.boot.test.SpringApplicationContextLoader']
19:32:17.862 [main] DEBUG o.s.t.c.support.ActiveProfilesUtils - Could not find an 'annotation declaring class' for annotation type [org.springframework.test.context.ActiveProfiles] and class [compass.ProjectRestControllerTest]
19:32:17.917 [main] INFO  o.s.t.c.w.WebTestContextBootstrapper - Using TestExecutionListeners: [org.springframework.boot.test.IntegrationTestPropertiesListener@612bd56c, org.springframework.test.context.support.DependencyInjectionTestExecutionListener@4c8d74b, org.springframework.test.context.support.DirtiesContextTestExecutionListener@1dae7f61, org.springframework.test.context.transaction.TransactionalTestExecutionListener@2b2cc880, org.springframework.test.context.jdbc.SqlScriptsTestExecutionListener@91f61a5]
19:32:17.943 [main] DEBUG o.s.t.annotation.ProfileValueUtils - Retrieved @ProfileValueSourceConfiguration [null] for test class [compass.ProjectRestControllerTest]
19:32:17.944 [main] DEBUG o.s.t.annotation.ProfileValueUtils - Retrieved ProfileValueSource type [class org.springframework.test.annotation.SystemProfileValueSource] for class [compass.ProjectRestControllerTest]
19:32:17.955 [main] DEBUG o.s.t.annotation.ProfileValueUtils - Retrieved @ProfileValueSourceConfiguration [null] for test class [compass.ProjectRestControllerTest]
19:32:17.955 [main] DEBUG o.s.t.annotation.ProfileValueUtils - Retrieved ProfileValueSource type [class org.springframework.test.annotation.SystemProfileValueSource] for class [compass.ProjectRestControllerTest]
Detect Distribution DONE
Check Distribution DONE
19:32:18.155 [main] DEBUG o.s.t.c.s.DirtiesContextTestExecutionListener - After test class: context [DefaultTestContext@3bd92abb testClass = ProjectRestControllerTest, testInstance = [null], testMethod = [null], testException = [null], mergedContextConfiguration = [WebMergedContextConfiguration@2e8479af testClass = ProjectRestControllerTest, locations = '{}', classes = '{class com.compass.microservices.Application}', contextInitializerClasses = '[]', activeProfiles = '{}', propertySourceLocations = '{}', propertySourceProperties = '{}', resourceBasePath = 'src/main/webapp', contextLoader = 'org.springframework.boot.test.SpringApplicationContextLoader', parent = [null]]], dirtiesContext [false].
]]></system-out>
    <system-err><![CDATA[Jul 20, 2015 7:32:18 PM de.flapdoodle.embed.process.runtime.Starter prepare
SEVERE: start
java.io.IOException: Could not create Tempfile: /var/folders/tc/h8l87nws57x238zkjf2nftk19k12d0/T/extract-braje2-mongod
	at de.flapdoodle.embed.process.io.file.Files.createTempFile(Files.java:60)
	at de.flapdoodle.embed.process.runtime.Starter.extractExe(Starter.java:89)
	at de.flapdoodle.embed.mongo.MongodStarter.extractExe(MongodStarter.java:61)
	at de.flapdoodle.embed.process.runtime.Starter.prepare(Starter.java:70)
	at compass.ProjectRestControllerTest.initializeDB(ProjectRestControllerTest.java:80)
	at sun.reflect.NativeMethodAccessorImpl.invoke0(Native Method)
	at sun.reflect.NativeMethodAccessorImpl.invoke(NativeMethodAccessorImpl.java:57)
	at sun.reflect.DelegatingMethodAccessorImpl.invoke(DelegatingMethodAccessorImpl.java:43)
	at java.lang.reflect.Method.invoke(Method.java:606)
	at org.junit.runners.model.FrameworkMethod$1.runReflectiveCall(FrameworkMethod.java:50)
	at org.junit.internal.runners.model.ReflectiveCallable.run(ReflectiveCallable.java:12)
	at org.junit.runners.model.FrameworkMethod.invokeExplosively(FrameworkMethod.java:47)
	at org.junit.internal.runners.statements.RunBefores.evaluate(RunBefores.java:24)
	at org.springframework.test.context.junit4.statements.RunBeforeTestClassCallbacks.evaluate(RunBeforeTestClassCallbacks.java:61)
	at org.junit.internal.runners.statements.RunAfters.evaluate(RunAfters.java:27)
	at org.springframework.test.context.junit4.statements.RunAfterTestClassCallbacks.evaluate(RunAfterTestClassCallbacks.java:68)
	at org.junit.runners.ParentRunner.run(ParentRunner.java:363)
	at org.springframework.test.context.junit4.SpringJUnit4ClassRunner.run(SpringJUnit4ClassRunner.java:163)
	at org.apache.maven.surefire.junit4.JUnit4Provider.execute(JUnit4Provider.java:264)
	at org.apache.maven.surefire.junit4.JUnit4Provider.executeTestSet(JUnit4Provider.java:153)
	at org.apache.maven.surefire.junit4.JUnit4Provider.invoke(JUnit4Provider.java:124)
	at org.apache.maven.surefire.booter.ForkedBooter.invokeProviderInSameClassLoader(ForkedBooter.java:200)
	at org.apache.maven.surefire.booter.ForkedBooter.runSuitesInProcess(ForkedBooter.java:153)
	at org.apache.maven.surefire.booter.ForkedBooter.main(ForkedBooter.java:103)

]]></system-err>
  </testcase>
  <testcase name="compass.ProjectRestControllerTest" classname="compass.ProjectRestControllerTest" time="1.852">
    <error type="java.lang.NullPointerException:">java.lang.NullPointerException: null
	at compass.ProjectRestControllerTest.shutdownDB(ProjectRestControllerTest.java:95)
</error>
  </testcase>
</testsuite>